# JRE version: OpenJDK Runtime Environment (8.0_152-b01) (build 1.8.0_152-release-915-b01)
# Java VM: OpenJDK 64-Bit Server VM (25.152-b01 mixed mode windows-amd64 compressed oops)
Heap:
 PSYoungGen      total 121856K, used 41994K [0x00000000e0000000, 0x00000000e8d00000, 0x0000000100000000)
  eden space 112128K, 28% used [0x00000000e0000000,0x00000000e1fbc9a0,0x00000000e6d80000)
  from space 9728K, 97% used [0x00000000e8380000,0x00000000e8cc6228,0x00000000e8d00000)
  to   space 11264K, 0% used [0x00000000e7700000,0x00000000e7700000,0x00000000e8200000)
 ParOldGen       total 91136K, used 15181K [0x00000000a0000000, 0x00000000a5900000, 0x00000000e0000000)
  object space 91136K, 16% used [0x00000000a0000000,0x00000000a0ed34c0,0x00000000a5900000)
 Metaspace       used 41623K, capacity 42551K, committed 42968K, reserved 1087488K
  class space    used 5547K, capacity 5833K, committed 5888K, reserved 1048576K
GC Heap History (10 events):
Event: 23.868 GC heap before
{Heap before GC invocations=8 (full 1):
 PSYoungGen      total 62976K, used 57309K [0x00000000e0000000, 0x00000000e4b80000, 0x0000000100000000)
  eden space 51712K, 100% used [0x00000000e0000000,0x00000000e3280000,0x00000000e3280000)
  from space 11264K, 49% used [0x00000000e3d00000,0x00000000e4277718,0x00000000e4800000)
  to   space 10752K, 0% used [0x00000000e3280000,0x00000000e3280000,0x00000000e3d00000)
 ParOldGen       total 62976K, used 8913K [0x00000000a0000000, 0x00000000a3d80000, 0x00000000e0000000)
  object space 62976K, 14% used [0x00000000a0000000,0x00000000a08b4750,0x00000000a3d80000)
 Metaspace       used 30186K, capacity 30832K, committed 30976K, reserved 1075200K
  class space    used 4123K, capacity 4323K, committed 4352K, reserved 1048576K
Event: 23.887 GC heap after
Heap after GC invocations=8 (full 1):
 PSYoungGen      total 62464K, used 7794K [0x00000000e0000000, 0x00000000e6900000, 0x0000000100000000)
  eden space 51712K, 0% used [0x00000000e0000000,0x00000000e0000000,0x00000000e3280000)
  from space 10752K, 72% used [0x00000000e3280000,0x00000000e3a1c8f8,0x00000000e3d00000)
  to   space 10752K, 0% used [0x00000000e5e80000,0x00000000e5e80000,0x00000000e6900000)
 ParOldGen       total 62976K, used 8921K [0x00000000a0000000, 0x00000000a3d80000, 0x00000000e0000000)
  object space 62976K, 14% used [0x00000000a0000000,0x00000000a08b6750,0x00000000a3d80000)
 Metaspace       used 30186K, capacity 30832K, committed 30976K, reserved 1075200K
  class space    used 4123K, capacity 4323K, committed 4352K, reserved 1048576K
}
Event: 29.065 GC heap before
{Heap before GC invocations=9 (full 1):
 PSYoungGen      total 62464K, used 59506K [0x00000000e0000000, 0x00000000e6900000, 0x0000000100000000)
  eden space 51712K, 100% used [0x00000000e0000000,0x00000000e3280000,0x00000000e3280000)
  from space 10752K, 72% used [0x00000000e3280000,0x00000000e3a1c8f8,0x00000000e3d00000)
  to   space 10752K, 0% used [0x00000000e5e80000,0x00000000e5e80000,0x00000000e6900000)
 ParOldGen       total 62976K, used 8921K [0x00000000a0000000, 0x00000000a3d80000, 0x00000000e0000000)
  object space 62976K, 14% used [0x00000000a0000000,0x00000000a08b6750,0x00000000a3d80000)
 Metaspace       used 31391K, capacity 32046K, committed 32256K, reserved 1077248K
  class space    used 4269K, capacity 4492K, committed 4608K, reserved 1048576K
Event: 29.088 GC heap after
Heap after GC invocations=9 (full 1):
 PSYoungGen      total 93696K, used 7236K [0x00000000e0000000, 0x00000000e6780000, 0x0000000100000000)
  eden space 84480K, 0% used [0x00000000e0000000,0x00000000e0000000,0x00000000e5280000)
  from space 9216K, 78% used [0x00000000e5e80000,0x00000000e65911c0,0x00000000e6780000)
  to   space 10752K, 0% used [0x00000000e5280000,0x00000000e5280000,0x00000000e5d00000)
 ParOldGen       total 62976K, used 8993K [0x00000000a0000000, 0x00000000a3d80000, 0x00000000e0000000)
  object space 62976K, 14% used [0x00000000a0000000,0x00000000a08c8760,0x00000000a3d80000)
 Metaspace       used 31391K, capacity 32046K, committed 32256K, reserved 1077248K
  class space    used 4269K, capacity 4492K, committed 4608K, reserved 1048576K
}
Event: 30.158 GC heap before
{Heap before GC invocations=10 (full 1):
 PSYoungGen      total 93696K, used 24560K [0x00000000e0000000, 0x00000000e6780000, 0x0000000100000000)
  eden space 84480K, 20% used [0x00000000e0000000,0x00000000e10eb038,0x00000000e5280000)
  from space 9216K, 78% used [0x00000000e5e80000,0x00000000e65911c0,0x00000000e6780000)
  to   space 10752K, 0% used [0x00000000e5280000,0x00000000e5280000,0x00000000e5d00000)
 ParOldGen       total 62976K, used 8993K [0x00000000a0000000, 0x00000000a3d80000, 0x00000000e0000000)
  object space 62976K, 14% used [0x00000000a0000000,0x00000000a08c8760,0x00000000a3d80000)
 Metaspace       used 34530K, capacity 35265K, committed 35416K, reserved 1079296K
  class space    used 4687K, capacity 4957K, committed 4992K, reserved 1048576K
Event: 30.210 GC heap after
Heap after GC invocations=10 (full 1):
 PSYoungGen      total 95232K, used 5145K [0x00000000e0000000, 0x00000000e8d80000, 0x0000000100000000)
  eden space 84480K, 0% used [0x00000000e0000000,0x00000000e0000000,0x00000000e5280000)
  from space 10752K, 47% used [0x00000000e5280000,0x00000000e5786400,0x00000000e5d00000)
  to   space 10240K, 0% used [0x00000000e8380000,0x00000000e8380000,0x00000000e8d80000)
 ParOldGen       total 62976K, used 12710K [0x00000000a0000000, 0x00000000a3d80000, 0x00000000e0000000)
  object space 62976K, 20% used [0x00000000a0000000,0x00000000a0c69ae0,0x00000000a3d80000)
 Metaspace       used 34530K, capacity 35265K, committed 35416K, reserved 1079296K
  class space    used 4687K, capacity 4957K, committed 4992K, reserved 1048576K
}
Event: 30.210 GC heap before
{Heap before GC invocations=11 (full 2):
 PSYoungGen      total 95232K, used 5145K [0x00000000e0000000, 0x00000000e8d80000, 0x0000000100000000)
  eden space 84480K, 0% used [0x00000000e0000000,0x00000000e0000000,0x00000000e5280000)
  from space 10752K, 47% used [0x00000000e5280000,0x00000000e5786400,0x00000000e5d00000)
  to   space 10240K, 0% used [0x00000000e8380000,0x00000000e8380000,0x00000000e8d80000)
 ParOldGen       total 62976K, used 12710K [0x00000000a0000000, 0x00000000a3d80000, 0x00000000e0000000)
  object space 62976K, 20% used [0x00000000a0000000,0x00000000a0c69ae0,0x00000000a3d80000)
 Metaspace       used 34530K, capacity 35265K, committed 35416K, reserved 1079296K
  class space    used 4687K, capacity 4957K, committed 4992K, reserved 1048576K
Event: 30.473 GC heap after
Heap after GC invocations=11 (full 2):
 PSYoungGen      total 95232K, used 0K [0x00000000e0000000, 0x00000000e8d80000, 0x0000000100000000)
  eden space 84480K, 0% used [0x00000000e0000000,0x00000000e0000000,0x00000000e5280000)
  from space 10752K, 0% used [0x00000000e5280000,0x00000000e5280000,0x00000000e5d00000)
  to   space 10240K, 0% used [0x00000000e8380000,0x00000000e8380000,0x00000000e8d80000)
 ParOldGen       total 91136K, used 15173K [0x00000000a0000000, 0x00000000a5900000, 0x00000000e0000000)
  object space 91136K, 16% used [0x00000000a0000000,0x00000000a0ed14c0,0x00000000a5900000)
 Metaspace       used 34530K, capacity 35265K, committed 35416K, reserved 1079296K
  class space    used 4687K, capacity 4957K, committed 4992K, reserved 1048576K
}
Event: 34.052 GC heap before
{Heap before GC invocations=12 (full 2):
 PSYoungGen      total 95232K, used 84413K [0x00000000e0000000, 0x00000000e8d80000, 0x0000000100000000)
  eden space 84480K, 99% used [0x00000000e0000000,0x00000000e526f530,0x00000000e5280000)
  from space 10752K, 0% used [0x00000000e5280000,0x00000000e5280000,0x00000000e5d00000)
  to   space 10240K, 0% used [0x00000000e8380000,0x00000000e8380000,0x00000000e8d80000)
 ParOldGen       total 91136K, used 15173K [0x00000000a0000000, 0x00000000a5900000, 0x00000000e0000000)
  object space 91136K, 16% used [0x00000000a0000000,0x00000000a0ed14c0,0x00000000a5900000)
 Metaspace       used 40785K, capacity 41627K, committed 42072K, reserved 1085440K
  class space    used 5409K, capacity 5678K, committed 5760K, reserved 1048576K
Event: 34.105 GC heap after
Heap after GC invocations=12 (full 2):
 PSYoungGen      total 121856K, used 9496K [0x00000000e0000000, 0x00000000e8d00000, 0x0000000100000000)
  eden space 112128K, 0% used [0x00000000e0000000,0x00000000e0000000,0x00000000e6d80000)
  from space 9728K, 97% used [0x00000000e8380000,0x00000000e8cc6228,0x00000000e8d00000)
  to   space 11264K, 0% used [0x00000000e7700000,0x00000000e7700000,0x00000000e8200000)
 ParOldGen       total 91136K, used 15181K [0x00000000a0000000, 0x00000000a5900000, 0x00000000e0000000)
  object space 91136K, 16% used [0x00000000a0000000,0x00000000a0ed34c0,0x00000000a5900000)
 Metaspace       used 40785K, capacity 41627K, committed 42072K, reserved 1085440K
  class space    used 5409K, capacity 5678K, committed 5760K, reserved 1048576K
}

